{"total": {"lines":{"total":5691,"covered":5421,"skipped":0,"pct":95.25},"statements":{"total":7006,"covered":6492,"skipped":0,"pct":92.66},"functions":{"total":1496,"covered":1396,"skipped":0,"pct":93.31},"branches":{"total":6999,"covered":6116,"skipped":0,"pct":87.38},"branchesTrue":{"total":0,"covered":0,"skipped":0,"pct":"Unknown"}}
,"/Users/yoannandrieux/Projets/yodev-ads/web/src/lib/account-selection-model.ts": {"lines":{"total":12,"covered":12,"skipped":0,"pct":100},"functions":{"total":8,"covered":8,"skipped":0,"pct":100},"statements":{"total":17,"covered":17,"skipped":0,"pct":100},"branches":{"total":23,"covered":23,"skipped":0,"pct":100}}
,"/Users/yoannandrieux/Projets/yodev-ads/web/src/lib/account-selection.ts": {"lines":{"total":40,"covered":8,"skipped":0,"pct":20},"functions":{"total":19,"covered":5,"skipped":0,"pct":26.31},"statements":{"total":63,"covered":13,"skipped":0,"pct":20.63},"branches":{"total":48,"covered":6,"skipped":0,"pct":12.5}}
,"/Users/yoannandrieux/Projets/yodev-ads/web/src/lib/activation-analytics.ts": {"lines":{"total":41,"covered":41,"skipped":0,"pct":100},"functions":{"total":9,"covered":9,"skipped":0,"pct":100},"statements":{"total":52,"covered":52,"skipped":0,"pct":100},"branches":{"total":38,"covered":38,"skipped":0,"pct":100}}
,"/Users/yoannandrieux/Projets/yodev-ads/web/src/lib/activation-stages.ts": {"lines":{"total":1,"covered":1,"skipped":0,"pct":100},"functions":{"total":0,"covered":0,"skipped":0,"pct":100},"statements":{"total":1,"covered":1,"skipped":0,"pct":100},"branches":{"total":0,"covered":0,"skipped":0,"pct":100}}
,"/Users/yoannandrieux/Projets/yodev-ads/web/src/lib/activation.ts": {"lines":{"total":4,"covered":4,"skipped":0,"pct":100},"functions":{"total":4,"covered":4,"skipped":0,"pct":100},"statements":{"total":5,"covered":5,"skipped":0,"pct":100},"branches":{"total":4,"covered":4,"skipped":0,"pct":100}}
,"/Users/yoannandrieux/Projets/yodev-ads/web/src/lib/alert-notification-events.ts": {"lines":{"total":12,"covered":12,"skipped":0,"pct":100},"functions":{"total":2,"covered":2,"skipped":0,"pct":100},"statements":{"total":18,"covered":17,"skipped":0,"pct":94.44},"branches":{"total":20,"covered":18,"skipped":0,"pct":90}}
,"/Users/yoannandrieux/Projets/yodev-ads/web/src/lib/alert-quality-model.ts": {"lines":{"total":7,"covered":7,"skipped":0,"pct":100},"functions":{"total":3,"covered":3,"skipped":0,"pct":100},"statements":{"total":10,"covered":10,"skipped":0,"pct":100},"branches":{"total":19,"covered":15,"skipped":0,"pct":78.94}}
,"/Users/yoannandrieux/Projets/yodev-ads/web/src/lib/alert-quality.ts": {"lines":{"total":11,"covered":11,"skipped":0,"pct":100},"functions":{"total":2,"covered":2,"skipped":0,"pct":100},"statements":{"total":13,"covered":13,"skipped":0,"pct":100},"branches":{"total":18,"covered":18,"skipped":0,"pct":100}}
,"/Users/yoannandrieux/Projets/yodev-ads/web/src/lib/alert-reminder-plan.ts": {"lines":{"total":13,"covered":13,"skipped":0,"pct":100},"functions":{"total":3,"covered":3,"skipped":0,"pct":100},"statements":{"total":18,"covered":18,"skipped":0,"pct":100},"branches":{"total":30,"covered":30,"skipped":0,"pct":100}}
,"/Users/yoannandrieux/Projets/yodev-ads/web/src/lib/alert-reminders.ts": {"lines":{"total":22,"covered":22,"skipped":0,"pct":100},"functions":{"total":7,"covered":7,"skipped":0,"pct":100},"statements":{"total":31,"covered":30,"skipped":0,"pct":96.77},"branches":{"total":32,"covered":27,"skipped":0,"pct":84.37}}
,"/Users/yoannandrieux/Projets/yodev-ads/web/src/lib/analysis-evidence.ts": {"lines":{"total":8,"covered":8,"skipped":0,"pct":100},"functions":{"total":6,"covered":6,"skipped":0,"pct":100},"statements":{"total":13,"covered":13,"skipped":0,"pct":100},"branches":{"total":17,"covered":17,"skipped":0,"pct":100}}
,"/Users/yoannandrieux/Projets/yodev-ads/web/src/lib/analysis.ts": {"lines":{"total":45,"covered":43,"skipped":0,"pct":95.55},"functions":{"total":15,"covered":13,"skipped":0,"pct":86.66},"statements":{"total":52,"covered":50,"skipped":0,"pct":96.15},"branches":{"total":127,"covered":113,"skipped":0,"pct":88.97}}
,"/Users/yoannandrieux/Projets/yodev-ads/web/src/lib/analytical-collections.ts": {"lines":{"total":74,"covered":45,"skipped":0,"pct":60.81},"functions":{"total":12,"covered":7,"skipped":0,"pct":58.33},"statements":{"total":98,"covered":53,"skipped":0,"pct":54.08},"branches":{"total":81,"covered":45,"skipped":0,"pct":55.55}}
,"/Users/yoannandrieux/Projets/yodev-ads/web/src/lib/analytical-model.ts": {"lines":{"total":17,"covered":17,"skipped":0,"pct":100},"functions":{"total":3,"covered":3,"skipped":0,"pct":100},"statements":{"total":25,"covered":24,"skipped":0,"pct":96},"branches":{"total":34,"covered":29,"skipped":0,"pct":85.29}}
,"/Users/yoannandrieux/Projets/yodev-ads/web/src/lib/analytical-pages.ts": {"lines":{"total":39,"covered":39,"skipped":0,"pct":100},"functions":{"total":7,"covered":7,"skipped":0,"pct":100},"statements":{"total":54,"covered":54,"skipped":0,"pct":100},"branches":{"total":68,"covered":64,"skipped":0,"pct":94.11}}
,"/Users/yoannandrieux/Projets/yodev-ads/web/src/lib/api-v1-repository.ts": {"lines":{"total":47,"covered":44,"skipped":0,"pct":93.61},"functions":{"total":19,"covered":17,"skipped":0,"pct":89.47},"statements":{"total":59,"covered":51,"skipped":0,"pct":86.44},"branches":{"total":36,"covered":28,"skipped":0,"pct":77.77}}
,"/Users/yoannandrieux/Projets/yodev-ads/web/src/lib/api-v1.ts": {"lines":{"total":42,"covered":41,"skipped":0,"pct":97.61},"functions":{"total":11,"covered":11,"skipped":0,"pct":100},"statements":{"total":52,"covered":51,"skipped":0,"pct":98.07},"branches":{"total":43,"covered":40,"skipped":0,"pct":93.02}}
,"/Users/yoannandrieux/Projets/yodev-ads/web/src/lib/approval-policy.ts": {"lines":{"total":5,"covered":5,"skipped":0,"pct":100},"functions":{"total":1,"covered":1,"skipped":0,"pct":100},"statements":{"total":5,"covered":5,"skipped":0,"pct":100},"branches":{"total":16,"covered":16,"skipped":0,"pct":100}}
,"/Users/yoannandrieux/Projets/yodev-ads/web/src/lib/approval-state.ts": {"lines":{"total":7,"covered":7,"skipped":0,"pct":100},"functions":{"total":4,"covered":4,"skipped":0,"pct":100},"statements":{"total":8,"covered":8,"skipped":0,"pct":100},"branches":{"total":6,"covered":6,"skipped":0,"pct":100}}
,"/Users/yoannandrieux/Projets/yodev-ads/web/src/lib/atomic-change-batch-server.ts": {"lines":{"total":11,"covered":11,"skipped":0,"pct":100},"functions":{"total":1,"covered":1,"skipped":0,"pct":100},"statements":{"total":12,"covered":12,"skipped":0,"pct":100},"branches":{"total":10,"covered":10,"skipped":0,"pct":100}}
,"/Users/yoannandrieux/Projets/yodev-ads/web/src/lib/atomic-change-batch.ts": {"lines":{"total":17,"covered":17,"skipped":0,"pct":100},"functions":{"total":4,"covered":4,"skipped":0,"pct":100},"statements":{"total":23,"covered":20,"skipped":0,"pct":86.95},"branches":{"total":19,"covered":16,"skipped":0,"pct":84.21}}
,"/Users/yoannandrieux/Projets/yodev-ads/web/src/lib/auth-access-control.ts": {"lines":{"total":3,"covered":3,"skipped":0,"pct":100},"functions":{"total":0,"covered":0,"skipped":0,"pct":100},"statements":{"total":3,"covered":3,"skipped":0,"pct":100},"branches":{"total":0,"covered":0,"skipped":0,"pct":100}}
,"/Users/yoannandrieux/Projets/yodev-ads/web/src/lib/auth-client.ts": {"lines":{"total":2,"covered":0,"skipped":0,"pct":0},"functions":{"total":0,"covered":0,"skipped":0,"pct":100},"statements":{"total":2,"covered":0,"skipped":0,"pct":0},"branches":{"total":0,"covered":0,"skipped":0,"pct":100}}
,"/Users/yoannandrieux/Projets/yodev-ads/web/src/lib/auth-destination.ts": {"lines":{"total":6,"covered":6,"skipped":0,"pct":100},"functions":{"total":1,"covered":1,"skipped":0,"pct":100},"statements":{"total":9,"covered":9,"skipped":0,"pct":100},"branches":{"total":12,"covered":12,"skipped":0,"pct":100}}
,"/Users/yoannandrieux/Projets/yodev-ads/web/src/lib/auth-email-model.ts": {"lines":{"total":4,"covered":4,"skipped":0,"pct":100},"functions":{"total":2,"covered":2,"skipped":0,"pct":100},"statements":{"total":4,"covered":4,"skipped":0,"pct":100},"branches":{"total":22,"covered":21,"skipped":0,"pct":95.45}}
,"/Users/yoannandrieux/Projets/yodev-ads/web/src/lib/auth-emails.ts": {"lines":{"total":21,"covered":17,"skipped":0,"pct":80.95},"functions":{"total":4,"covered":4,"skipped":0,"pct":100},"statements":{"total":22,"covered":17,"skipped":0,"pct":77.27},"branches":{"total":13,"covered":5,"skipped":0,"pct":38.46}}
,"/Users/yoannandrieux/Projets/yodev-ads/web/src/lib/auth-identities.ts": {"lines":{"total":3,"covered":3,"skipped":0,"pct":100},"functions":{"total":3,"covered":3,"skipped":0,"pct":100},"statements":{"total":4,"covered":4,"skipped":0,"pct":100},"branches":{"total":2,"covered":2,"skipped":0,"pct":100}}
,"/Users/yoannandrieux/Projets/yodev-ads/web/src/lib/auth-invitation-admission.ts": {"lines":{"total":10,"covered":10,"skipped":0,"pct":100},"functions":{"total":2,"covered":2,"skipped":0,"pct":100},"statements":{"total":12,"covered":12,"skipped":0,"pct":100},"branches":{"total":16,"covered":15,"skipped":0,"pct":93.75}}
,"/Users/yoannandrieux/Projets/yodev-ads/web/src/lib/auth-invitations.ts": {"lines":{"total":9,"covered":9,"skipped":0,"pct":100},"functions":{"total":4,"covered":4,"skipped":0,"pct":100},"statements":{"total":11,"covered":11,"skipped":0,"pct":100},"branches":{"total":10,"covered":10,"skipped":0,"pct":100}}
,"/Users/yoannandrieux/Projets/yodev-ads/web/src/lib/auth-request-locale.ts": {"lines":{"total":3,"covered":3,"skipped":0,"pct":100},"functions":{"total":3,"covered":3,"skipped":0,"pct":100},"statements":{"total":8,"covered":8,"skipped":0,"pct":100},"branches":{"total":2,"covered":2,"skipped":0,"pct":100}}
,"/Users/yoannandrieux/Projets/yodev-ads/web/src/lib/auth.ts": {"lines":{"total":33,"covered":14,"skipped":0,"pct":42.42},"functions":{"total":17,"covered":6,"skipped":0,"pct":35.29},"statements":{"total":38,"covered":15,"skipped":0,"pct":39.47},"branches":{"total":30,"covered":13,"skipped":0,"pct":43.33}}
,"/Users/yoannandrieux/Projets/yodev-ads/web/src/lib/billing-management.ts": {"lines":{"total":38,"covered":25,"skipped":0,"pct":65.78},"functions":{"total":14,"covered":10,"skipped":0,"pct":71.42},"statements":{"total":47,"covered":30,"skipped":0,"pct":63.82},"branches":{"total":38,"covered":20,"skipped":0,"pct":52.63}}
,"/Users/yoannandrieux/Projets/yodev-ads/web/src/lib/billing.ts": {"lines":{"total":57,"covered":49,"skipped":0,"pct":85.96},"functions":{"total":25,"covered":21,"skipped":0,"pct":84},"statements":{"total":67,"covered":57,"skipped":0,"pct":85.07},"branches":{"total":78,"covered":62,"skipped":0,"pct":79.48}}
,"/Users/yoannandrieux/Projets/yodev-ads/web/src/lib/bounded-response.ts": {"lines":{"total":23,"covered":23,"skipped":0,"pct":100},"functions":{"total":7,"covered":3,"skipped":0,"pct":42.85},"statements":{"total":35,"covered":31,"skipped":0,"pct":88.57},"branches":{"total":10,"covered":10,"skipped":0,"pct":100}}
,"/Users/yoannandrieux/Projets/yodev-ads/web/src/lib/branding-assets.ts": {"lines":{"total":16,"covered":16,"skipped":0,"pct":100},"functions":{"total":7,"covered":7,"skipped":0,"pct":100},"statements":{"total":21,"covered":20,"skipped":0,"pct":95.23},"branches":{"total":25,"covered":24,"skipped":0,"pct":96}}
,"/Users/yoannandrieux/Projets/yodev-ads/web/src/lib/branding-image.ts": {"lines":{"total":8,"covered":8,"skipped":0,"pct":100},"functions":{"total":1,"covered":1,"skipped":0,"pct":100},"statements":{"total":10,"covered":8,"skipped":0,"pct":80},"branches":{"total":10,"covered":7,"skipped":0,"pct":70}}
,"/Users/yoannandrieux/Projets/yodev-ads/web/src/lib/budget-reallocation.ts": {"lines":{"total":17,"covered":16,"skipped":0,"pct":94.11},"functions":{"total":4,"covered":4,"skipped":0,"pct":100},"statements":{"total":19,"covered":18,"skipped":0,"pct":94.73},"branches":{"total":16,"covered":15,"skipped":0,"pct":93.75}}
,"/Users/yoannandrieux/Projets/yodev-ads/web/src/lib/budget-safety.ts": {"lines":{"total":32,"covered":30,"skipped":0,"pct":93.75},"functions":{"total":7,"covered":5,"skipped":0,"pct":71.42},"statements":{"total":34,"covered":32,"skipped":0,"pct":94.11},"branches":{"total":45,"covered":43,"skipped":0,"pct":95.55}}
,"/Users/yoannandrieux/Projets/yodev-ads/web/src/lib/calendar-window.ts": {"lines":{"total":36,"covered":36,"skipped":0,"pct":100},"functions":{"total":8,"covered":8,"skipped":0,"pct":100},"statements":{"total":46,"covered":45,"skipped":0,"pct":97.82},"branches":{"total":37,"covered":36,"skipped":0,"pct":97.29}}
,"/Users/yoannandrieux/Projets/yodev-ads/web/src/lib/client-report-model.ts": {"lines":{"total":19,"covered":19,"skipped":0,"pct":100},"functions":{"total":9,"covered":9,"skipped":0,"pct":100},"statements":{"total":26,"covered":22,"skipped":0,"pct":84.61},"branches":{"total":56,"covered":52,"skipped":0,"pct":92.85}}
,"/Users/yoannandrieux/Projets/yodev-ads/web/src/lib/client-report-pdf.ts": {"lines":{"total":141,"covered":141,"skipped":0,"pct":100},"functions":{"total":28,"covered":28,"skipped":0,"pct":100},"statements":{"total":203,"covered":201,"skipped":0,"pct":99.01},"branches":{"total":105,"covered":99,"skipped":0,"pct":94.28}}
,"/Users/yoannandrieux/Projets/yodev-ads/web/src/lib/collection-navigation.ts": {"lines":{"total":2,"covered":2,"skipped":0,"pct":100},"functions":{"total":1,"covered":1,"skipped":0,"pct":100},"statements":{"total":2,"covered":2,"skipped":0,"pct":100},"branches":{"total":4,"covered":4,"skipped":0,"pct":100}}
,"/Users/yoannandrieux/Projets/yodev-ads/web/src/lib/collection-pagination.ts": {"lines":{"total":25,"covered":25,"skipped":0,"pct":100},"functions":{"total":13,"covered":13,"skipped":0,"pct":100},"statements":{"total":33,"covered":33,"skipped":0,"pct":100},"branches":{"total":38,"covered":38,"skipped":0,"pct":100}}
,"/Users/yoannandrieux/Projets/yodev-ads/web/src/lib/creative-fatigue.ts": {"lines":{"total":7,"covered":7,"skipped":0,"pct":100},"functions":{"total":1,"covered":1,"skipped":0,"pct":100},"statements":{"total":7,"covered":7,"skipped":0,"pct":100},"branches":{"total":19,"covered":19,"skipped":0,"pct":100}}
,"/Users/yoannandrieux/Projets/yodev-ads/web/src/lib/crypto.ts": {"lines":{"total":34,"covered":34,"skipped":0,"pct":100},"functions":{"total":10,"covered":10,"skipped":0,"pct":100},"statements":{"total":43,"covered":39,"skipped":0,"pct":90.69},"branches":{"total":34,"covered":29,"skipped":0,"pct":85.29}}
,"/Users/yoannandrieux/Projets/yodev-ads/web/src/lib/csv.ts": {"lines":{"total":1,"covered":1,"skipped":0,"pct":100},"functions":{"total":1,"covered":1,"skipped":0,"pct":100},"statements":{"total":1,"covered":1,"skipped":0,"pct":100},"branches":{"total":4,"covered":4,"skipped":0,"pct":100}}
,"/Users/yoannandrieux/Projets/yodev-ads/web/src/lib/dashboard-health.ts": {"lines":{"total":14,"covered":14,"skipped":0,"pct":100},"functions":{"total":5,"covered":5,"skipped":0,"pct":100},"statements":{"total":20,"covered":20,"skipped":0,"pct":100},"branches":{"total":34,"covered":34,"skipped":0,"pct":100}}
,"/Users/yoannandrieux/Projets/yodev-ads/web/src/lib/data-boundary.ts": {"lines":{"total":9,"covered":9,"skipped":0,"pct":100},"functions":{"total":1,"covered":1,"skipped":0,"pct":100},"statements":{"total":10,"covered":10,"skipped":0,"pct":100},"branches":{"total":5,"covered":5,"skipped":0,"pct":100}}
,"/Users/yoannandrieux/Projets/yodev-ads/web/src/lib/data.ts": {"lines":{"total":81,"covered":69,"skipped":0,"pct":85.18},"functions":{"total":59,"covered":51,"skipped":0,"pct":86.44},"statements":{"total":110,"covered":96,"skipped":0,"pct":87.27},"branches":{"total":28,"covered":24,"skipped":0,"pct":85.71}}
,"/Users/yoannandrieux/Projets/yodev-ads/web/src/lib/entitlements.ts": {"lines":{"total":18,"covered":18,"skipped":0,"pct":100},"functions":{"total":6,"covered":6,"skipped":0,"pct":100},"statements":{"total":19,"covered":18,"skipped":0,"pct":94.73},"branches":{"total":17,"covered":16,"skipped":0,"pct":94.11}}
,"/Users/yoannandrieux/Projets/yodev-ads/web/src/lib/env.ts": {"lines":{"total":3,"covered":3,"skipped":0,"pct":100},"functions":{"total":2,"covered":2,"skipped":0,"pct":100},"statements":{"total":3,"covered":3,"skipped":0,"pct":100},"branches":{"total":0,"covered":0,"skipped":0,"pct":100}}
,"/Users/yoannandrieux/Projets/yodev-ads/web/src/lib/feature-flags.ts": {"lines":{"total":18,"covered":18,"skipped":0,"pct":100},"functions":{"total":7,"covered":7,"skipped":0,"pct":100},"statements":{"total":24,"covered":23,"skipped":0,"pct":95.83},"branches":{"total":24,"covered":17,"skipped":0,"pct":70.83}}
,"/Users/yoannandrieux/Projets/yodev-ads/web/src/lib/flash-copy.ts": {"lines":{"total":20,"covered":20,"skipped":0,"pct":100},"functions":{"total":12,"covered":12,"skipped":0,"pct":100},"statements":{"total":23,"covered":23,"skipped":0,"pct":100},"branches":{"total":8,"covered":8,"skipped":0,"pct":100}}
,"/Users/yoannandrieux/Projets/yodev-ads/web/src/lib/format.ts": {"lines":{"total":3,"covered":3,"skipped":0,"pct":100},"functions":{"total":3,"covered":3,"skipped":0,"pct":100},"statements":{"total":3,"covered":3,"skipped":0,"pct":100},"branches":{"total":4,"covered":4,"skipped":0,"pct":100}}
,"/Users/yoannandrieux/Projets/yodev-ads/web/src/lib/getting-started-data.ts": {"lines":{"total":3,"covered":0,"skipped":0,"pct":0},"functions":{"total":2,"covered":0,"skipped":0,"pct":0},"statements":{"total":3,"covered":0,"skipped":0,"pct":0},"branches":{"total":2,"covered":0,"skipped":0,"pct":0}}
,"/Users/yoannandrieux/Projets/yodev-ads/web/src/lib/getting-started-model.ts": {"lines":{"total":7,"covered":7,"skipped":0,"pct":100},"functions":{"total":4,"covered":4,"skipped":0,"pct":100},"statements":{"total":10,"covered":10,"skipped":0,"pct":100},"branches":{"total":52,"covered":48,"skipped":0,"pct":92.3}}
,"/Users/yoannandrieux/Projets/yodev-ads/web/src/lib/google-account-sync.ts": {"lines":{"total":29,"covered":29,"skipped":0,"pct":100},"functions":{"total":6,"covered":6,"skipped":0,"pct":100},"statements":{"total":34,"covered":33,"skipped":0,"pct":97.05},"branches":{"total":20,"covered":19,"skipped":0,"pct":95}}
,"/Users/yoannandrieux/Projets/yodev-ads/web/src/lib/google-ads-read-drill.ts": {"lines":{"total":45,"covered":43,"skipped":0,"pct":95.55},"functions":{"total":16,"covered":15,"skipped":0,"pct":93.75},"statements":{"total":55,"covered":53,"skipped":0,"pct":96.36},"branches":{"total":18,"covered":15,"skipped":0,"pct":83.33}}
,"/Users/yoannandrieux/Projets/yodev-ads/web/src/lib/google-ads.ts": {"lines":{"total":433,"covered":404,"skipped":0,"pct":93.3},"functions":{"total":128,"covered":119,"skipped":0,"pct":92.96},"statements":{"total":511,"covered":459,"skipped":0,"pct":89.82},"branches":{"total":914,"covered":800,"skipped":0,"pct":87.52}}
,"/Users/yoannandrieux/Projets/yodev-ads/web/src/lib/google-approval-management.ts": {"lines":{"total":85,"covered":85,"skipped":0,"pct":100},"functions":{"total":27,"covered":27,"skipped":0,"pct":100},"statements":{"total":109,"covered":109,"skipped":0,"pct":100},"branches":{"total":94,"covered":77,"skipped":0,"pct":81.91}}
,"/Users/yoannandrieux/Projets/yodev-ads/web/src/lib/google-collection-coverage.ts": {"lines":{"total":8,"covered":8,"skipped":0,"pct":100},"functions":{"total":4,"covered":4,"skipped":0,"pct":100},"statements":{"total":11,"covered":11,"skipped":0,"pct":100},"branches":{"total":18,"covered":18,"skipped":0,"pct":100}}
,"/Users/yoannandrieux/Projets/yodev-ads/web/src/lib/google-mutation-admission.ts": {"lines":{"total":5,"covered":5,"skipped":0,"pct":100},"functions":{"total":1,"covered":1,"skipped":0,"pct":100},"statements":{"total":7,"covered":7,"skipped":0,"pct":100},"branches":{"total":8,"covered":8,"skipped":0,"pct":100}}
,"/Users/yoannandrieux/Projets/yodev-ads/web/src/lib/i18n.ts": {"lines":{"total":3,"covered":3,"skipped":0,"pct":100},"functions":{"total":1,"covered":1,"skipped":0,"pct":100},"statements":{"total":3,"covered":3,"skipped":0,"pct":100},"branches":{"total":2,"covered":2,"skipped":0,"pct":100}}
,"/Users/yoannandrieux/Projets/yodev-ads/web/src/lib/ids.ts": {"lines":{"total":5,"covered":5,"skipped":0,"pct":100},"functions":{"total":2,"covered":2,"skipped":0,"pct":100},"statements":{"total":6,"covered":6,"skipped":0,"pct":100},"branches":{"total":2,"covered":2,"skipped":0,"pct":100}}
,"/Users/yoannandrieux/Projets/yodev-ads/web/src/lib/invitation-error.ts": {"lines":{"total":8,"covered":8,"skipped":0,"pct":100},"functions":{"total":1,"covered":1,"skipped":0,"pct":100},"statements":{"total":8,"covered":8,"skipped":0,"pct":100},"branches":{"total":18,"covered":17,"skipped":0,"pct":94.44}}
,"/Users/yoannandrieux/Projets/yodev-ads/web/src/lib/job-runner.ts": {"lines":{"total":214,"covered":187,"skipped":0,"pct":87.38},"functions":{"total":18,"covered":16,"skipped":0,"pct":88.88},"statements":{"total":228,"covered":195,"skipped":0,"pct":85.52},"branches":{"total":129,"covered":100,"skipped":0,"pct":77.51}}
,"/Users/yoannandrieux/Projets/yodev-ads/web/src/lib/job-scheduler.ts": {"lines":{"total":75,"covered":72,"skipped":0,"pct":96},"functions":{"total":10,"covered":8,"skipped":0,"pct":80},"statements":{"total":84,"covered":76,"skipped":0,"pct":90.47},"branches":{"total":47,"covered":37,"skipped":0,"pct":78.72}}
,"/Users/yoannandrieux/Projets/yodev-ads/web/src/lib/jobs.ts": {"lines":{"total":57,"covered":57,"skipped":0,"pct":100},"functions":{"total":15,"covered":15,"skipped":0,"pct":100},"statements":{"total":72,"covered":71,"skipped":0,"pct":98.61},"branches":{"total":92,"covered":89,"skipped":0,"pct":96.73}}
,"/Users/yoannandrieux/Projets/yodev-ads/web/src/lib/keyword-creation.ts": {"lines":{"total":27,"covered":17,"skipped":0,"pct":62.96},"functions":{"total":3,"covered":3,"skipped":0,"pct":100},"statements":{"total":32,"covered":17,"skipped":0,"pct":53.12},"branches":{"total":33,"covered":16,"skipped":0,"pct":48.48}}
,"/Users/yoannandrieux/Projets/yodev-ads/web/src/lib/legal.ts": {"lines":{"total":8,"covered":8,"skipped":0,"pct":100},"functions":{"total":2,"covered":2,"skipped":0,"pct":100},"statements":{"total":9,"covered":9,"skipped":0,"pct":100},"branches":{"total":10,"covered":10,"skipped":0,"pct":100}}
,"/Users/yoannandrieux/Projets/yodev-ads/web/src/lib/lifecycle-email-model.ts": {"lines":{"total":17,"covered":17,"skipped":0,"pct":100},"functions":{"total":4,"covered":4,"skipped":0,"pct":100},"statements":{"total":22,"covered":21,"skipped":0,"pct":95.45},"branches":{"total":24,"covered":20,"skipped":0,"pct":83.33}}
,"/Users/yoannandrieux/Projets/yodev-ads/web/src/lib/lifecycle-emails.ts": {"lines":{"total":12,"covered":12,"skipped":0,"pct":100},"functions":{"total":4,"covered":4,"skipped":0,"pct":100},"statements":{"total":16,"covered":16,"skipped":0,"pct":100},"branches":{"total":15,"covered":15,"skipped":0,"pct":100}}
,"/Users/yoannandrieux/Projets/yodev-ads/web/src/lib/locale.ts": {"lines":{"total":5,"covered":5,"skipped":0,"pct":100},"functions":{"total":2,"covered":2,"skipped":0,"pct":100},"statements":{"total":5,"covered":5,"skipped":0,"pct":100},"branches":{"total":4,"covered":4,"skipped":0,"pct":100}}
,"/Users/yoannandrieux/Projets/yodev-ads/web/src/lib/metric-coverage.ts": {"lines":{"total":12,"covered":12,"skipped":0,"pct":100},"functions":{"total":2,"covered":2,"skipped":0,"pct":100},"statements":{"total":20,"covered":20,"skipped":0,"pct":100},"branches":{"total":19,"covered":18,"skipped":0,"pct":94.73}}
,"/Users/yoannandrieux/Projets/yodev-ads/web/src/lib/metric-sync-data.ts": {"lines":{"total":21,"covered":21,"skipped":0,"pct":100},"functions":{"total":4,"covered":4,"skipped":0,"pct":100},"statements":{"total":28,"covered":28,"skipped":0,"pct":100},"branches":{"total":29,"covered":29,"skipped":0,"pct":100}}
,"/Users/yoannandrieux/Projets/yodev-ads/web/src/lib/metric-sync-plan.ts": {"lines":{"total":16,"covered":16,"skipped":0,"pct":100},"functions":{"total":3,"covered":3,"skipped":0,"pct":100},"statements":{"total":20,"covered":20,"skipped":0,"pct":100},"branches":{"total":28,"covered":26,"skipped":0,"pct":92.85}}
,"/Users/yoannandrieux/Projets/yodev-ads/web/src/lib/metrics-sync.ts": {"lines":{"total":83,"covered":83,"skipped":0,"pct":100},"functions":{"total":17,"covered":17,"skipped":0,"pct":100},"statements":{"total":106,"covered":99,"skipped":0,"pct":93.39},"branches":{"total":59,"covered":52,"skipped":0,"pct":88.13}}
,"/Users/yoannandrieux/Projets/yodev-ads/web/src/lib/monitoring-observations.ts": {"lines":{"total":52,"covered":52,"skipped":0,"pct":100},"functions":{"total":9,"covered":9,"skipped":0,"pct":100},"statements":{"total":63,"covered":62,"skipped":0,"pct":98.41},"branches":{"total":58,"covered":57,"skipped":0,"pct":98.27}}
,"/Users/yoannandrieux/Projets/yodev-ads/web/src/lib/monitoring-scan-jobs.ts": {"lines":{"total":19,"covered":19,"skipped":0,"pct":100},"functions":{"total":6,"covered":6,"skipped":0,"pct":100},"statements":{"total":26,"covered":26,"skipped":0,"pct":100},"branches":{"total":12,"covered":11,"skipped":0,"pct":91.66}}
,"/Users/yoannandrieux/Projets/yodev-ads/web/src/lib/monitoring-scan-plan.ts": {"lines":{"total":18,"covered":15,"skipped":0,"pct":83.33},"functions":{"total":6,"covered":6,"skipped":0,"pct":100},"statements":{"total":23,"covered":20,"skipped":0,"pct":86.95},"branches":{"total":14,"covered":11,"skipped":0,"pct":78.57}}
,"/Users/yoannandrieux/Projets/yodev-ads/web/src/lib/monitoring-workflows.ts": {"lines":{"total":54,"covered":54,"skipped":0,"pct":100},"functions":{"total":12,"covered":12,"skipped":0,"pct":100},"statements":{"total":64,"covered":61,"skipped":0,"pct":95.31},"branches":{"total":52,"covered":44,"skipped":0,"pct":84.61}}
,"/Users/yoannandrieux/Projets/yodev-ads/web/src/lib/monitoring.ts": {"lines":{"total":68,"covered":68,"skipped":0,"pct":100},"functions":{"total":14,"covered":14,"skipped":0,"pct":100},"statements":{"total":80,"covered":80,"skipped":0,"pct":100},"branches":{"total":102,"covered":100,"skipped":0,"pct":98.03}}
,"/Users/yoannandrieux/Projets/yodev-ads/web/src/lib/mutation-impact.ts": {"lines":{"total":39,"covered":37,"skipped":0,"pct":94.87},"functions":{"total":13,"covered":12,"skipped":0,"pct":92.3},"statements":{"total":45,"covered":43,"skipped":0,"pct":95.55},"branches":{"total":71,"covered":57,"skipped":0,"pct":80.28}}
,"/Users/yoannandrieux/Projets/yodev-ads/web/src/lib/mutation-observation.ts": {"lines":{"total":19,"covered":19,"skipped":0,"pct":100},"functions":{"total":7,"covered":7,"skipped":0,"pct":100},"statements":{"total":23,"covered":22,"skipped":0,"pct":95.65},"branches":{"total":41,"covered":40,"skipped":0,"pct":97.56}}
,"/Users/yoannandrieux/Projets/yodev-ads/web/src/lib/mutation-observations.ts": {"lines":{"total":32,"covered":32,"skipped":0,"pct":100},"functions":{"total":8,"covered":8,"skipped":0,"pct":100},"statements":{"total":37,"covered":36,"skipped":0,"pct":97.29},"branches":{"total":40,"covered":33,"skipped":0,"pct":82.5}}
,"/Users/yoannandrieux/Projets/yodev-ads/web/src/lib/navigation-state.ts": {"lines":{"total":3,"covered":3,"skipped":0,"pct":100},"functions":{"total":1,"covered":1,"skipped":0,"pct":100},"statements":{"total":3,"covered":3,"skipped":0,"pct":100},"branches":{"total":4,"covered":4,"skipped":0,"pct":100}}
,"/Users/yoannandrieux/Projets/yodev-ads/web/src/lib/notification-delivery-model.ts": {"lines":{"total":5,"covered":5,"skipped":0,"pct":100},"functions":{"total":2,"covered":2,"skipped":0,"pct":100},"statements":{"total":5,"covered":5,"skipped":0,"pct":100},"branches":{"total":4,"covered":4,"skipped":0,"pct":100}}
,"/Users/yoannandrieux/Projets/yodev-ads/web/src/lib/notification-delivery-recovery.ts": {"lines":{"total":27,"covered":27,"skipped":0,"pct":100},"functions":{"total":2,"covered":2,"skipped":0,"pct":100},"statements":{"total":31,"covered":31,"skipped":0,"pct":100},"branches":{"total":50,"covered":48,"skipped":0,"pct":96}}
,"/Users/yoannandrieux/Projets/yodev-ads/web/src/lib/notification-oauth-management.ts": {"lines":{"total":37,"covered":37,"skipped":0,"pct":100},"functions":{"total":8,"covered":8,"skipped":0,"pct":100},"statements":{"total":43,"covered":42,"skipped":0,"pct":97.67},"branches":{"total":18,"covered":14,"skipped":0,"pct":77.77}}
,"/Users/yoannandrieux/Projets/yodev-ads/web/src/lib/notifications.ts": {"lines":{"total":149,"covered":149,"skipped":0,"pct":100},"functions":{"total":31,"covered":31,"skipped":0,"pct":100},"statements":{"total":182,"covered":176,"skipped":0,"pct":96.7},"branches":{"total":183,"covered":156,"skipped":0,"pct":85.24}}
,"/Users/yoannandrieux/Projets/yodev-ads/web/src/lib/oauth-state.ts": {"lines":{"total":34,"covered":33,"skipped":0,"pct":97.05},"functions":{"total":5,"covered":5,"skipped":0,"pct":100},"statements":{"total":38,"covered":37,"skipped":0,"pct":97.36},"branches":{"total":51,"covered":50,"skipped":0,"pct":98.03}}
,"/Users/yoannandrieux/Projets/yodev-ads/web/src/lib/operating-cost-model.ts": {"lines":{"total":43,"covered":43,"skipped":0,"pct":100},"functions":{"total":20,"covered":20,"skipped":0,"pct":100},"statements":{"total":70,"covered":70,"skipped":0,"pct":100},"branches":{"total":74,"covered":74,"skipped":0,"pct":100}}
,"/Users/yoannandrieux/Projets/yodev-ads/web/src/lib/operating-costs.ts": {"lines":{"total":35,"covered":35,"skipped":0,"pct":100},"functions":{"total":11,"covered":9,"skipped":0,"pct":81.81},"statements":{"total":48,"covered":45,"skipped":0,"pct":93.75},"branches":{"total":37,"covered":32,"skipped":0,"pct":86.48}}
,"/Users/yoannandrieux/Projets/yodev-ads/web/src/lib/operational-runs.ts": {"lines":{"total":25,"covered":25,"skipped":0,"pct":100},"functions":{"total":13,"covered":13,"skipped":0,"pct":100},"statements":{"total":31,"covered":31,"skipped":0,"pct":100},"branches":{"total":35,"covered":34,"skipped":0,"pct":97.14}}
,"/Users/yoannandrieux/Projets/yodev-ads/web/src/lib/operations-alert-model.ts": {"lines":{"total":8,"covered":8,"skipped":0,"pct":100},"functions":{"total":5,"covered":5,"skipped":0,"pct":100},"statements":{"total":9,"covered":9,"skipped":0,"pct":100},"branches":{"total":8,"covered":7,"skipped":0,"pct":87.5}}
,"/Users/yoannandrieux/Projets/yodev-ads/web/src/lib/operations-alerts.ts": {"lines":{"total":7,"covered":7,"skipped":0,"pct":100},"functions":{"total":1,"covered":1,"skipped":0,"pct":100},"statements":{"total":8,"covered":8,"skipped":0,"pct":100},"branches":{"total":9,"covered":9,"skipped":0,"pct":100}}
,"/Users/yoannandrieux/Projets/yodev-ads/web/src/lib/pacing.ts": {"lines":{"total":92,"covered":88,"skipped":0,"pct":95.65},"functions":{"total":16,"covered":13,"skipped":0,"pct":81.25},"statements":{"total":105,"covered":95,"skipped":0,"pct":90.47},"branches":{"total":160,"covered":136,"skipped":0,"pct":85}}
,"/Users/yoannandrieux/Projets/yodev-ads/web/src/lib/performance-diagnostics.ts": {"lines":{"total":59,"covered":57,"skipped":0,"pct":96.61},"functions":{"total":16,"covered":16,"skipped":0,"pct":100},"statements":{"total":74,"covered":70,"skipped":0,"pct":94.59},"branches":{"total":52,"covered":41,"skipped":0,"pct":78.84}}
,"/Users/yoannandrieux/Projets/yodev-ads/web/src/lib/performance-history.ts": {"lines":{"total":7,"covered":7,"skipped":0,"pct":100},"functions":{"total":6,"covered":6,"skipped":0,"pct":100},"statements":{"total":9,"covered":9,"skipped":0,"pct":100},"branches":{"total":5,"covered":4,"skipped":0,"pct":80}}
,"/Users/yoannandrieux/Projets/yodev-ads/web/src/lib/permissions.ts": {"lines":{"total":13,"covered":13,"skipped":0,"pct":100},"functions":{"total":3,"covered":3,"skipped":0,"pct":100},"statements":{"total":17,"covered":17,"skipped":0,"pct":100},"branches":{"total":14,"covered":14,"skipped":0,"pct":100}}
,"/Users/yoannandrieux/Projets/yodev-ads/web/src/lib/platform-incident-management.ts": {"lines":{"total":13,"covered":13,"skipped":0,"pct":100},"functions":{"total":4,"covered":4,"skipped":0,"pct":100},"statements":{"total":15,"covered":15,"skipped":0,"pct":100},"branches":{"total":8,"covered":7,"skipped":0,"pct":87.5}}
,"/Users/yoannandrieux/Projets/yodev-ads/web/src/lib/platform-status.ts": {"lines":{"total":15,"covered":15,"skipped":0,"pct":100},"functions":{"total":5,"covered":5,"skipped":0,"pct":100},"statements":{"total":21,"covered":19,"skipped":0,"pct":90.47},"branches":{"total":10,"covered":7,"skipped":0,"pct":70}}
,"/Users/yoannandrieux/Projets/yodev-ads/web/src/lib/portfolio-data.ts": {"lines":{"total":23,"covered":23,"skipped":0,"pct":100},"functions":{"total":5,"covered":5,"skipped":0,"pct":100},"statements":{"total":36,"covered":36,"skipped":0,"pct":100},"branches":{"total":29,"covered":29,"skipped":0,"pct":100}}
,"/Users/yoannandrieux/Projets/yodev-ads/web/src/lib/portfolio-digest.ts": {"lines":{"total":9,"covered":9,"skipped":0,"pct":100},"functions":{"total":1,"covered":1,"skipped":0,"pct":100},"statements":{"total":9,"covered":9,"skipped":0,"pct":100},"branches":{"total":15,"covered":15,"skipped":0,"pct":100}}
,"/Users/yoannandrieux/Projets/yodev-ads/web/src/lib/portfolio-query.ts": {"lines":{"total":11,"covered":11,"skipped":0,"pct":100},"functions":{"total":2,"covered":2,"skipped":0,"pct":100},"statements":{"total":15,"covered":15,"skipped":0,"pct":100},"branches":{"total":34,"covered":34,"skipped":0,"pct":100}}
,"/Users/yoannandrieux/Projets/yodev-ads/web/src/lib/portfolio-views.ts": {"lines":{"total":28,"covered":28,"skipped":0,"pct":100},"functions":{"total":7,"covered":7,"skipped":0,"pct":100},"statements":{"total":34,"covered":34,"skipped":0,"pct":100},"branches":{"total":18,"covered":18,"skipped":0,"pct":100}}
,"/Users/yoannandrieux/Projets/yodev-ads/web/src/lib/portfolio-workload.ts": {"lines":{"total":15,"covered":15,"skipped":0,"pct":100},"functions":{"total":7,"covered":7,"skipped":0,"pct":100},"statements":{"total":25,"covered":25,"skipped":0,"pct":100},"branches":{"total":26,"covered":24,"skipped":0,"pct":92.3}}
,"/Users/yoannandrieux/Projets/yodev-ads/web/src/lib/production-readiness.ts": {"lines":{"total":65,"covered":63,"skipped":0,"pct":96.92},"functions":{"total":4,"covered":4,"skipped":0,"pct":100},"statements":{"total":73,"covered":71,"skipped":0,"pct":97.26},"branches":{"total":95,"covered":94,"skipped":0,"pct":98.94}}
,"/Users/yoannandrieux/Projets/yodev-ads/web/src/lib/provider-certification.ts": {"lines":{"total":24,"covered":24,"skipped":0,"pct":100},"functions":{"total":5,"covered":5,"skipped":0,"pct":100},"statements":{"total":31,"covered":31,"skipped":0,"pct":100},"branches":{"total":27,"covered":27,"skipped":0,"pct":100}}
,"/Users/yoannandrieux/Projets/yodev-ads/web/src/lib/public-report-workflows.ts": {"lines":{"total":70,"covered":70,"skipped":0,"pct":100},"functions":{"total":12,"covered":12,"skipped":0,"pct":100},"statements":{"total":82,"covered":81,"skipped":0,"pct":98.78},"branches":{"total":76,"covered":61,"skipped":0,"pct":80.26}}
,"/Users/yoannandrieux/Projets/yodev-ads/web/src/lib/public-share-repository.ts": {"lines":{"total":12,"covered":12,"skipped":0,"pct":100},"functions":{"total":4,"covered":4,"skipped":0,"pct":100},"statements":{"total":18,"covered":18,"skipped":0,"pct":100},"branches":{"total":19,"covered":19,"skipped":0,"pct":100}}
,"/Users/yoannandrieux/Projets/yodev-ads/web/src/lib/public-status.ts": {"lines":{"total":32,"covered":32,"skipped":0,"pct":100},"functions":{"total":11,"covered":11,"skipped":0,"pct":100},"statements":{"total":43,"covered":43,"skipped":0,"pct":100},"branches":{"total":31,"covered":29,"skipped":0,"pct":93.54}}
,"/Users/yoannandrieux/Projets/yodev-ads/web/src/lib/rate-limit.ts": {"lines":{"total":18,"covered":18,"skipped":0,"pct":100},"functions":{"total":6,"covered":6,"skipped":0,"pct":100},"statements":{"total":22,"covered":22,"skipped":0,"pct":100},"branches":{"total":23,"covered":22,"skipped":0,"pct":95.65}}
,"/Users/yoannandrieux/Projets/yodev-ads/web/src/lib/reconcile-google-mutation.ts": {"lines":{"total":70,"covered":70,"skipped":0,"pct":100},"functions":{"total":6,"covered":6,"skipped":0,"pct":100},"statements":{"total":82,"covered":81,"skipped":0,"pct":98.78},"branches":{"total":89,"covered":84,"skipped":0,"pct":94.38}}
,"/Users/yoannandrieux/Projets/yodev-ads/web/src/lib/release-operational-readiness.ts": {"lines":{"total":24,"covered":24,"skipped":0,"pct":100},"functions":{"total":2,"covered":2,"skipped":0,"pct":100},"statements":{"total":25,"covered":25,"skipped":0,"pct":100},"branches":{"total":29,"covered":22,"skipped":0,"pct":75.86}}
,"/Users/yoannandrieux/Projets/yodev-ads/web/src/lib/release-verification-access.ts": {"lines":{"total":16,"covered":16,"skipped":0,"pct":100},"functions":{"total":2,"covered":2,"skipped":0,"pct":100},"statements":{"total":22,"covered":21,"skipped":0,"pct":95.45},"branches":{"total":27,"covered":25,"skipped":0,"pct":92.59}}
,"/Users/yoannandrieux/Projets/yodev-ads/web/src/lib/report-branding.ts": {"lines":{"total":5,"covered":5,"skipped":0,"pct":100},"functions":{"total":4,"covered":4,"skipped":0,"pct":100},"statements":{"total":7,"covered":7,"skipped":0,"pct":100},"branches":{"total":8,"covered":8,"skipped":0,"pct":100}}
,"/Users/yoannandrieux/Projets/yodev-ads/web/src/lib/report-editions.ts": {"lines":{"total":71,"covered":70,"skipped":0,"pct":98.59},"functions":{"total":18,"covered":18,"skipped":0,"pct":100},"statements":{"total":91,"covered":90,"skipped":0,"pct":98.9},"branches":{"total":126,"covered":122,"skipped":0,"pct":96.82}}
,"/Users/yoannandrieux/Projets/yodev-ads/web/src/lib/report-format.ts": {"lines":{"total":22,"covered":20,"skipped":0,"pct":90.9},"functions":{"total":5,"covered":5,"skipped":0,"pct":100},"statements":{"total":28,"covered":24,"skipped":0,"pct":85.71},"branches":{"total":39,"covered":26,"skipped":0,"pct":66.66}}
,"/Users/yoannandrieux/Projets/yodev-ads/web/src/lib/report-logo.ts": {"lines":{"total":26,"covered":26,"skipped":0,"pct":100},"functions":{"total":2,"covered":1,"skipped":0,"pct":50},"statements":{"total":36,"covered":34,"skipped":0,"pct":94.44},"branches":{"total":29,"covered":28,"skipped":0,"pct":96.55}}
,"/Users/yoannandrieux/Projets/yodev-ads/web/src/lib/report-management.ts": {"lines":{"total":63,"covered":63,"skipped":0,"pct":100},"functions":{"total":13,"covered":13,"skipped":0,"pct":100},"statements":{"total":74,"covered":74,"skipped":0,"pct":100},"branches":{"total":84,"covered":78,"skipped":0,"pct":92.85}}
,"/Users/yoannandrieux/Projets/yodev-ads/web/src/lib/report-navigation.ts": {"lines":{"total":3,"covered":3,"skipped":0,"pct":100},"functions":{"total":1,"covered":1,"skipped":0,"pct":100},"statements":{"total":4,"covered":4,"skipped":0,"pct":100},"branches":{"total":4,"covered":4,"skipped":0,"pct":100}}
,"/Users/yoannandrieux/Projets/yodev-ads/web/src/lib/report-otp.ts": {"lines":{"total":6,"covered":6,"skipped":0,"pct":100},"functions":{"total":4,"covered":4,"skipped":0,"pct":100},"statements":{"total":8,"covered":8,"skipped":0,"pct":100},"branches":{"total":16,"covered":15,"skipped":0,"pct":93.75}}
,"/Users/yoannandrieux/Projets/yodev-ads/web/src/lib/report-period-selection.ts": {"lines":{"total":12,"covered":12,"skipped":0,"pct":100},"functions":{"total":5,"covered":5,"skipped":0,"pct":100},"statements":{"total":16,"covered":16,"skipped":0,"pct":100},"branches":{"total":20,"covered":20,"skipped":0,"pct":100}}
,"/Users/yoannandrieux/Projets/yodev-ads/web/src/lib/report-period.ts": {"lines":{"total":3,"covered":3,"skipped":0,"pct":100},"functions":{"total":2,"covered":2,"skipped":0,"pct":100},"statements":{"total":3,"covered":3,"skipped":0,"pct":100},"branches":{"total":2,"covered":2,"skipped":0,"pct":100}}
,"/Users/yoannandrieux/Projets/yodev-ads/web/src/lib/report-scheduling.ts": {"lines":{"total":28,"covered":28,"skipped":0,"pct":100},"functions":{"total":9,"covered":9,"skipped":0,"pct":100},"statements":{"total":37,"covered":33,"skipped":0,"pct":89.18},"branches":{"total":27,"covered":19,"skipped":0,"pct":70.37}}
,"/Users/yoannandrieux/Projets/yodev-ads/web/src/lib/retention-policy.ts": {"lines":{"total":3,"covered":3,"skipped":0,"pct":100},"functions":{"total":1,"covered":1,"skipped":0,"pct":100},"statements":{"total":4,"covered":4,"skipped":0,"pct":100},"branches":{"total":4,"covered":4,"skipped":0,"pct":100}}
,"/Users/yoannandrieux/Projets/yodev-ads/web/src/lib/run-monitoring.ts": {"lines":{"total":67,"covered":67,"skipped":0,"pct":100},"functions":{"total":11,"covered":11,"skipped":0,"pct":100},"statements":{"total":75,"covered":75,"skipped":0,"pct":100},"branches":{"total":44,"covered":42,"skipped":0,"pct":95.45}}
,"/Users/yoannandrieux/Projets/yodev-ads/web/src/lib/safety-policy-scope.ts": {"lines":{"total":5,"covered":5,"skipped":0,"pct":100},"functions":{"total":1,"covered":1,"skipped":0,"pct":100},"statements":{"total":5,"covered":5,"skipped":0,"pct":100},"branches":{"total":9,"covered":9,"skipped":0,"pct":100}}
,"/Users/yoannandrieux/Projets/yodev-ads/web/src/lib/scheduled-reports.ts": {"lines":{"total":64,"covered":61,"skipped":0,"pct":95.31},"functions":{"total":10,"covered":8,"skipped":0,"pct":80},"statements":{"total":84,"covered":71,"skipped":0,"pct":84.52},"branches":{"total":87,"covered":63,"skipped":0,"pct":72.41}}
,"/Users/yoannandrieux/Projets/yodev-ads/web/src/lib/secret-rotation.ts": {"lines":{"total":54,"covered":54,"skipped":0,"pct":100},"functions":{"total":16,"covered":16,"skipped":0,"pct":100},"statements":{"total":59,"covered":58,"skipped":0,"pct":98.3},"branches":{"total":6,"covered":4,"skipped":0,"pct":66.66}}
,"/Users/yoannandrieux/Projets/yodev-ads/web/src/lib/sentry-read-probe.ts": {"lines":{"total":25,"covered":25,"skipped":0,"pct":100},"functions":{"total":3,"covered":3,"skipped":0,"pct":100},"statements":{"total":35,"covered":32,"skipped":0,"pct":91.42},"branches":{"total":46,"covered":42,"skipped":0,"pct":91.3}}
,"/Users/yoannandrieux/Projets/yodev-ads/web/src/lib/sentry-redaction.ts": {"lines":{"total":21,"covered":21,"skipped":0,"pct":100},"functions":{"total":5,"covered":4,"skipped":0,"pct":80},"statements":{"total":29,"covered":25,"skipped":0,"pct":86.2},"branches":{"total":16,"covered":12,"skipped":0,"pct":75}}
,"/Users/yoannandrieux/Projets/yodev-ads/web/src/lib/slack-oauth.ts": {"lines":{"total":27,"covered":27,"skipped":0,"pct":100},"functions":{"total":6,"covered":5,"skipped":0,"pct":83.33},"statements":{"total":32,"covered":31,"skipped":0,"pct":96.87},"branches":{"total":16,"covered":16,"skipped":0,"pct":100}}
,"/Users/yoannandrieux/Projets/yodev-ads/web/src/lib/stripe-plan-change.ts": {"lines":{"total":42,"covered":42,"skipped":0,"pct":100},"functions":{"total":6,"covered":6,"skipped":0,"pct":100},"statements":{"total":50,"covered":49,"skipped":0,"pct":98},"branches":{"total":36,"covered":33,"skipped":0,"pct":91.66}}
,"/Users/yoannandrieux/Projets/yodev-ads/web/src/lib/stripe-reconciliation.ts": {"lines":{"total":51,"covered":50,"skipped":0,"pct":98.03},"functions":{"total":7,"covered":7,"skipped":0,"pct":100},"statements":{"total":66,"covered":65,"skipped":0,"pct":98.48},"branches":{"total":70,"covered":65,"skipped":0,"pct":92.85}}
,"/Users/yoannandrieux/Projets/yodev-ads/web/src/lib/stripe-webhook-service.ts": {"lines":{"total":122,"covered":108,"skipped":0,"pct":88.52},"functions":{"total":12,"covered":11,"skipped":0,"pct":91.66},"statements":{"total":133,"covered":114,"skipped":0,"pct":85.71},"branches":{"total":180,"covered":121,"skipped":0,"pct":67.22}}
,"/Users/yoannandrieux/Projets/yodev-ads/web/src/lib/subprocessor-change-management.ts": {"lines":{"total":8,"covered":8,"skipped":0,"pct":100},"functions":{"total":4,"covered":4,"skipped":0,"pct":100},"statements":{"total":10,"covered":9,"skipped":0,"pct":90},"branches":{"total":4,"covered":2,"skipped":0,"pct":50}}
,"/Users/yoannandrieux/Projets/yodev-ads/web/src/lib/subprocessor-change-model.ts": {"lines":{"total":15,"covered":15,"skipped":0,"pct":100},"functions":{"total":4,"covered":4,"skipped":0,"pct":100},"statements":{"total":16,"covered":16,"skipped":0,"pct":100},"branches":{"total":24,"covered":24,"skipped":0,"pct":100}}
,"/Users/yoannandrieux/Projets/yodev-ads/web/src/lib/subprocessor-change-notifications.ts": {"lines":{"total":32,"covered":31,"skipped":0,"pct":96.87},"functions":{"total":10,"covered":10,"skipped":0,"pct":100},"statements":{"total":41,"covered":38,"skipped":0,"pct":92.68},"branches":{"total":26,"covered":22,"skipped":0,"pct":84.61}}
,"/Users/yoannandrieux/Projets/yodev-ads/web/src/lib/support-email-model.ts": {"lines":{"total":6,"covered":6,"skipped":0,"pct":100},"functions":{"total":2,"covered":2,"skipped":0,"pct":100},"statements":{"total":6,"covered":6,"skipped":0,"pct":100},"branches":{"total":22,"covered":19,"skipped":0,"pct":86.36}}
,"/Users/yoannandrieux/Projets/yodev-ads/web/src/lib/support-management.ts": {"lines":{"total":40,"covered":40,"skipped":0,"pct":100},"functions":{"total":9,"covered":9,"skipped":0,"pct":100},"statements":{"total":48,"covered":44,"skipped":0,"pct":91.66},"branches":{"total":36,"covered":29,"skipped":0,"pct":80.55}}
,"/Users/yoannandrieux/Projets/yodev-ads/web/src/lib/support-notifications.ts": {"lines":{"total":18,"covered":18,"skipped":0,"pct":100},"functions":{"total":4,"covered":4,"skipped":0,"pct":100},"statements":{"total":23,"covered":23,"skipped":0,"pct":100},"branches":{"total":29,"covered":28,"skipped":0,"pct":96.55}}
,"/Users/yoannandrieux/Projets/yodev-ads/web/src/lib/support-workflow.ts": {"lines":{"total":10,"covered":10,"skipped":0,"pct":100},"functions":{"total":3,"covered":3,"skipped":0,"pct":100},"statements":{"total":13,"covered":12,"skipped":0,"pct":92.3},"branches":{"total":17,"covered":16,"skipped":0,"pct":94.11}}
,"/Users/yoannandrieux/Projets/yodev-ads/web/src/lib/system-health.ts": {"lines":{"total":14,"covered":14,"skipped":0,"pct":100},"functions":{"total":4,"covered":4,"skipped":0,"pct":100},"statements":{"total":15,"covered":15,"skipped":0,"pct":100},"branches":{"total":42,"covered":38,"skipped":0,"pct":90.47}}
,"/Users/yoannandrieux/Projets/yodev-ads/web/src/lib/system-operations.ts": {"lines":{"total":57,"covered":57,"skipped":0,"pct":100},"functions":{"total":15,"covered":15,"skipped":0,"pct":100},"statements":{"total":63,"covered":59,"skipped":0,"pct":93.65},"branches":{"total":41,"covered":29,"skipped":0,"pct":70.73}}
,"/Users/yoannandrieux/Projets/yodev-ads/web/src/lib/task-notification-model.ts": {"lines":{"total":21,"covered":21,"skipped":0,"pct":100},"functions":{"total":10,"covered":10,"skipped":0,"pct":100},"statements":{"total":30,"covered":27,"skipped":0,"pct":90},"branches":{"total":18,"covered":14,"skipped":0,"pct":77.77}}
,"/Users/yoannandrieux/Projets/yodev-ads/web/src/lib/task-notifications.ts": {"lines":{"total":46,"covered":44,"skipped":0,"pct":95.65},"functions":{"total":12,"covered":11,"skipped":0,"pct":91.66},"statements":{"total":58,"covered":53,"skipped":0,"pct":91.37},"branches":{"total":40,"covered":35,"skipped":0,"pct":87.5}}
,"/Users/yoannandrieux/Projets/yodev-ads/web/src/lib/task-workflow.ts": {"lines":{"total":31,"covered":29,"skipped":0,"pct":93.54},"functions":{"total":8,"covered":8,"skipped":0,"pct":100},"statements":{"total":45,"covered":39,"skipped":0,"pct":86.66},"branches":{"total":36,"covered":30,"skipped":0,"pct":83.33}}
,"/Users/yoannandrieux/Projets/yodev-ads/web/src/lib/teams-oauth.ts": {"lines":{"total":77,"covered":73,"skipped":0,"pct":94.8},"functions":{"total":20,"covered":16,"skipped":0,"pct":80},"statements":{"total":91,"covered":78,"skipped":0,"pct":85.71},"branches":{"total":40,"covered":28,"skipped":0,"pct":70}}
,"/Users/yoannandrieux/Projets/yodev-ads/web/src/lib/tokens.ts": {"lines":{"total":9,"covered":8,"skipped":0,"pct":88.88},"functions":{"total":7,"covered":6,"skipped":0,"pct":85.71},"statements":{"total":10,"covered":9,"skipped":0,"pct":90},"branches":{"total":4,"covered":4,"skipped":0,"pct":100}}
,"/Users/yoannandrieux/Projets/yodev-ads/web/src/lib/tracking-diagnostics.ts": {"lines":{"total":50,"covered":49,"skipped":0,"pct":98},"functions":{"total":15,"covered":14,"skipped":0,"pct":93.33},"statements":{"total":53,"covered":52,"skipped":0,"pct":98.11},"branches":{"total":98,"covered":93,"skipped":0,"pct":94.89}}
,"/Users/yoannandrieux/Projets/yodev-ads/web/src/lib/transactional-email-context.ts": {"lines":{"total":5,"covered":5,"skipped":0,"pct":100},"functions":{"total":2,"covered":2,"skipped":0,"pct":100},"statements":{"total":5,"covered":5,"skipped":0,"pct":100},"branches":{"total":11,"covered":11,"skipped":0,"pct":100}}
,"/Users/yoannandrieux/Projets/yodev-ads/web/src/lib/transactional-email-deliveries.ts": {"lines":{"total":17,"covered":17,"skipped":0,"pct":100},"functions":{"total":6,"covered":6,"skipped":0,"pct":100},"statements":{"total":20,"covered":20,"skipped":0,"pct":100},"branches":{"total":46,"covered":46,"skipped":0,"pct":100}}
,"/Users/yoannandrieux/Projets/yodev-ads/web/src/lib/transactional-email.ts": {"lines":{"total":65,"covered":60,"skipped":0,"pct":92.3},"functions":{"total":15,"covered":14,"skipped":0,"pct":93.33},"statements":{"total":78,"covered":67,"skipped":0,"pct":85.89},"branches":{"total":69,"covered":53,"skipped":0,"pct":76.81}}
,"/Users/yoannandrieux/Projets/yodev-ads/web/src/lib/utils.ts": {"lines":{"total":1,"covered":1,"skipped":0,"pct":100},"functions":{"total":1,"covered":1,"skipped":0,"pct":100},"statements":{"total":1,"covered":1,"skipped":0,"pct":100},"branches":{"total":0,"covered":0,"skipped":0,"pct":100}}
,"/Users/yoannandrieux/Projets/yodev-ads/web/src/lib/vercel-domains.ts": {"lines":{"total":44,"covered":34,"skipped":0,"pct":77.27},"functions":{"total":13,"covered":8,"skipped":0,"pct":61.53},"statements":{"total":53,"covered":40,"skipped":0,"pct":75.47},"branches":{"total":43,"covered":33,"skipped":0,"pct":76.74}}
,"/Users/yoannandrieux/Projets/yodev-ads/web/src/lib/webhook-security.ts": {"lines":{"total":68,"covered":68,"skipped":0,"pct":100},"functions":{"total":23,"covered":20,"skipped":0,"pct":86.95},"statements":{"total":88,"covered":84,"skipped":0,"pct":95.45},"branches":{"total":93,"covered":89,"skipped":0,"pct":95.69}}
,"/Users/yoannandrieux/Projets/yodev-ads/web/src/lib/work-deadline.ts": {"lines":{"total":12,"covered":12,"skipped":0,"pct":100},"functions":{"total":6,"covered":6,"skipped":0,"pct":100},"statements":{"total":14,"covered":14,"skipped":0,"pct":100},"branches":{"total":10,"covered":10,"skipped":0,"pct":100}}
,"/Users/yoannandrieux/Projets/yodev-ads/web/src/lib/workspace-access.ts": {"lines":{"total":10,"covered":10,"skipped":0,"pct":100},"functions":{"total":5,"covered":5,"skipped":0,"pct":100},"statements":{"total":16,"covered":16,"skipped":0,"pct":100},"branches":{"total":30,"covered":30,"skipped":0,"pct":100}}
,"/Users/yoannandrieux/Projets/yodev-ads/web/src/lib/workspace-actor-guard.ts": {"lines":{"total":7,"covered":7,"skipped":0,"pct":100},"functions":{"total":1,"covered":1,"skipped":0,"pct":100},"statements":{"total":9,"covered":9,"skipped":0,"pct":100},"branches":{"total":9,"covered":9,"skipped":0,"pct":100}}
,"/Users/yoannandrieux/Projets/yodev-ads/web/src/lib/workspace-collections.ts": {"lines":{"total":85,"covered":85,"skipped":0,"pct":100},"functions":{"total":38,"covered":38,"skipped":0,"pct":100},"statements":{"total":123,"covered":123,"skipped":0,"pct":100},"branches":{"total":119,"covered":113,"skipped":0,"pct":94.95}}
,"/Users/yoannandrieux/Projets/yodev-ads/web/src/lib/workspace-decision.ts": {"lines":{"total":6,"covered":6,"skipped":0,"pct":100},"functions":{"total":4,"covered":4,"skipped":0,"pct":100},"statements":{"total":12,"covered":12,"skipped":0,"pct":100},"branches":{"total":10,"covered":10,"skipped":0,"pct":100}}
,"/Users/yoannandrieux/Projets/yodev-ads/web/src/lib/workspace-deletion.ts": {"lines":{"total":70,"covered":70,"skipped":0,"pct":100},"functions":{"total":22,"covered":22,"skipped":0,"pct":100},"statements":{"total":89,"covered":88,"skipped":0,"pct":98.87},"branches":{"total":68,"covered":63,"skipped":0,"pct":92.64}}
,"/Users/yoannandrieux/Projets/yodev-ads/web/src/lib/workspace-domain-management.ts": {"lines":{"total":48,"covered":48,"skipped":0,"pct":100},"functions":{"total":10,"covered":10,"skipped":0,"pct":100},"statements":{"total":55,"covered":55,"skipped":0,"pct":100},"branches":{"total":42,"covered":38,"skipped":0,"pct":90.47}}
,"/Users/yoannandrieux/Projets/yodev-ads/web/src/lib/workspace-export.ts": {"lines":{"total":72,"covered":72,"skipped":0,"pct":100},"functions":{"total":18,"covered":18,"skipped":0,"pct":100},"statements":{"total":84,"covered":84,"skipped":0,"pct":100},"branches":{"total":27,"covered":25,"skipped":0,"pct":92.59}}
,"/Users/yoannandrieux/Projets/yodev-ads/web/src/lib/workspace-lifecycle-management.ts": {"lines":{"total":45,"covered":45,"skipped":0,"pct":100},"functions":{"total":10,"covered":10,"skipped":0,"pct":100},"statements":{"total":53,"covered":53,"skipped":0,"pct":100},"branches":{"total":44,"covered":36,"skipped":0,"pct":81.81}}
,"/Users/yoannandrieux/Projets/yodev-ads/web/src/lib/workspace-members.ts": {"lines":{"total":73,"covered":73,"skipped":0,"pct":100},"functions":{"total":18,"covered":18,"skipped":0,"pct":100},"statements":{"total":88,"covered":81,"skipped":0,"pct":92.04},"branches":{"total":47,"covered":38,"skipped":0,"pct":80.85}}
,"/Users/yoannandrieux/Projets/yodev-ads/web/src/lib/workspace-security-resources.ts": {"lines":{"total":56,"covered":56,"skipped":0,"pct":100},"functions":{"total":14,"covered":14,"skipped":0,"pct":100},"statements":{"total":62,"covered":62,"skipped":0,"pct":100},"branches":{"total":61,"covered":53,"skipped":0,"pct":86.88}}
,"/Users/yoannandrieux/Projets/yodev-ads/web/src/lib/workspace-selection.ts": {"lines":{"total":8,"covered":8,"skipped":0,"pct":100},"functions":{"total":2,"covered":2,"skipped":0,"pct":100},"statements":{"total":9,"covered":9,"skipped":0,"pct":100},"branches":{"total":6,"covered":6,"skipped":0,"pct":100}}
,"/Users/yoannandrieux/Projets/yodev-ads/web/src/lib/workspace-settings.ts": {"lines":{"total":12,"covered":12,"skipped":0,"pct":100},"functions":{"total":9,"covered":9,"skipped":0,"pct":100},"statements":{"total":12,"covered":12,"skipped":0,"pct":100},"branches":{"total":12,"covered":9,"skipped":0,"pct":75}}
,"/Users/yoannandrieux/Projets/yodev-ads/web/src/lib/workspace-task-actions.ts": {"lines":{"total":61,"covered":61,"skipped":0,"pct":100},"functions":{"total":9,"covered":9,"skipped":0,"pct":100},"statements":{"total":72,"covered":72,"skipped":0,"pct":100},"branches":{"total":62,"covered":60,"skipped":0,"pct":96.77}}
,"/Users/yoannandrieux/Projets/yodev-ads/web/src/lib/workspace-transaction-guard.ts": {"lines":{"total":8,"covered":8,"skipped":0,"pct":100},"functions":{"total":2,"covered":2,"skipped":0,"pct":100},"statements":{"total":9,"covered":9,"skipped":0,"pct":100},"branches":{"total":7,"covered":6,"skipped":0,"pct":85.71}}
,"/Users/yoannandrieux/Projets/yodev-ads/web/src/lib/workspace.ts": {"lines":{"total":73,"covered":66,"skipped":0,"pct":90.41},"functions":{"total":12,"covered":12,"skipped":0,"pct":100},"statements":{"total":84,"covered":74,"skipped":0,"pct":88.09},"branches":{"total":57,"covered":49,"skipped":0,"pct":85.96}}
,"/Users/yoannandrieux/Projets/yodev-ads/web/src/lib/yodev-mail-webhook.ts": {"lines":{"total":32,"covered":32,"skipped":0,"pct":100},"functions":{"total":7,"covered":7,"skipped":0,"pct":100},"statements":{"total":38,"covered":38,"skipped":0,"pct":100},"branches":{"total":58,"covered":53,"skipped":0,"pct":91.37}}
}
